2025-07-16 18:02:56,541 INFO masks 16: Запуск функции маскировки карты
2025-07-16 18:02:56,541 INFO masks 19: Маскировка карты
2025-07-16 18:02:56,541 INFO masks 28: Карта замаскирована
2025-07-16 18:02:56,541 INFO masks 16: Запуск функции маскировки карты
2025-07-16 18:02:56,541 INFO masks 19: Маскировка карты
2025-07-16 18:02:56,541 INFO masks 28: Карта замаскирована
2025-07-16 18:02:56,541 INFO masks 37: Вход в функцию маскировки счёта
2025-07-16 18:02:56,541 INFO masks 39: Номер корректный
2025-07-16 18:02:56,541 INFO masks 41: Счёт замаскирован
2025-07-16 18:02:56,541 INFO masks 37: Вход в функцию маскировки счёта
2025-07-16 18:02:56,541 INFO masks 39: Номер корректный
2025-07-16 18:02:56,541 INFO masks 41: Счёт замаскирован
2025-07-16 18:02:56,571 INFO masks 16: Запуск функции маскировки карты
2025-07-16 18:02:56,571 INFO masks 19: Маскировка карты
2025-07-16 18:02:56,572 INFO masks 28: Карта замаскирована
2025-07-16 18:02:56,572 INFO masks 16: Запуск функции маскировки карты
2025-07-16 18:02:56,572 INFO masks 19: Маскировка карты
2025-07-16 18:02:56,572 INFO masks 28: Карта замаскирована
2025-07-16 18:02:56,573 INFO masks 37: Вход в функцию маскировки счёта
2025-07-16 18:02:56,573 INFO masks 39: Номер корректный
2025-07-16 18:02:56,573 INFO masks 41: Счёт замаскирован
2025-07-16 18:02:56,574 INFO masks 37: Вход в функцию маскировки счёта
2025-07-16 18:02:56,574 INFO masks 39: Номер корректный
2025-07-16 18:02:56,574 INFO masks 41: Счёт замаскирован
2025-07-16 18:02:56,575 INFO masks 37: Вход в функцию маскировки счёта
2025-07-16 18:02:56,575 WARNING masks 43: Счёт некорректный
2025-07-16 18:02:56,576 INFO masks 16: Запуск функции маскировки карты
2025-07-16 18:02:56,576 WARNING masks 30: Не введён номер карты
2025-07-16 18:02:56,576 INFO masks 37: Вход в функцию маскировки счёта
2025-07-16 18:02:56,576 WARNING masks 43: Счёт некорректный
2025-07-16 18:02:56,587 INFO masks 16: Запуск функции маскировки карты
2025-07-16 18:02:56,587 INFO masks 19: Маскировка карты
2025-07-16 18:02:56,587 INFO masks 28: Карта замаскирована
2025-07-16 18:02:56,589 INFO masks 37: Вход в функцию маскировки счёта
2025-07-16 18:02:56,589 INFO masks 39: Номер корректный
2025-07-16 18:02:56,589 INFO masks 41: Счёт замаскирован
2025-07-16 18:02:56,590 INFO masks 16: Запуск функции маскировки карты
2025-07-16 18:02:56,590 INFO masks 19: Маскировка карты
2025-07-16 18:02:56,590 INFO masks 28: Карта замаскирована
2025-07-16 18:02:56,590 INFO masks 37: Вход в функцию маскировки счёта
2025-07-16 18:02:56,590 INFO masks 39: Номер корректный
2025-07-16 18:02:56,591 INFO masks 41: Счёт замаскирован
2025-07-16 18:02:56,592 INFO masks 37: Вход в функцию маскировки счёта
2025-07-16 18:02:56,592 INFO masks 39: Номер корректный
2025-07-16 18:02:56,592 INFO masks 41: Счёт замаскирован
